<?xml version="1.0" encoding="UTF-8"?>
<testng-results skipped="0" failed="0" total="1" passed="1">
  <reporter-output>
  </reporter-output>
  <suite name="Default suite" duration-ms="2756" started-at="2018-04-06T17:07:17Z" finished-at="2018-04-06T17:07:19Z">
    <groups>
    </groups>
    <test name="Default test" duration-ms="2756" started-at="2018-04-06T17:07:17Z" finished-at="2018-04-06T17:07:19Z">
      <class name="com.farrier.tests.DeleteAPTTest">
        <test-method status="PASS" signature="setUp()[pri:0, instance:com.farrier.tests.DeleteAPTTest@3a82f6ef]" name="setUp" is-config="true" duration-ms="6" started-at="2018-04-06T22:37:17Z" finished-at="2018-04-06T22:37:17Z">
          <reporter-output>
          </reporter-output>
        </test-method> <!-- setUp -->
        <test-method status="PASS" signature="DeleteAPITest()[pri:0, instance:com.farrier.tests.DeleteAPTTest@3a82f6ef]" name="DeleteAPITest" duration-ms="2731" started-at="2018-04-06T22:37:17Z" finished-at="2018-04-06T22:37:19Z">
          <reporter-output>
          </reporter-output>
        </test-method> <!-- DeleteAPITest -->
      </class> <!-- com.farrier.tests.DeleteAPTTest -->
    </test> <!-- Default test -->
  </suite> <!-- Default suite -->
</testng-results>
